<?xml version="1.0" encoding="UTF-8"?>
<testsuite xmlns:xsi="http://www.w3.org/2001/XMLSchema-instance" xsi:noNamespaceSchemaLocation="https://maven.apache.org/surefire/maven-surefire-plugin/xsd/surefire-test-report-3.0.xsd" version="3.0" name="com.file_exchange.CustomExecutorServiceTest" time="1.269" tests="11" errors="0" skipped="0" failures="0">
  <properties>
[...]
</properties>
  <testcase name="testStartCalledTwice" classname="com.file_exchange.CustomExecutorServiceTest" time="0.032"/>
  <testcase name="testInvokeAll" classname="com.file_exchange.CustomExecutorServiceTest" time="0.002"/>
  <testcase name="testInvokeAny" classname="com.file_exchange.CustomExecutorServiceTest" time="0.077"/>
  <testcase name="testSubmitCallable" classname="com.file_exchange.CustomExecutorServiceTest" time="0.0"/>
  <testcase name="testShutdownBehavior" classname="com.file_exchange.CustomExecutorServiceTest" time="1.008"/>
  <testcase name="testSubmitRunnable" classname="com.file_exchange.CustomExecutorServiceTest" time="0.0"/>
  <testcase name="testExecuteWithVirtualThreads" classname="com.file_exchange.CustomExecutorServiceTest" time="0.01"/>
  <testcase name="testNullTaskSubmission" classname="com.file_exchange.CustomExecutorServiceTest" time="0.0"/>
  <testcase name="testShutdownNow" classname="com.file_exchange.CustomExecutorServiceTest" time="0.108"/>
  <testcase name="testRejectedExecutionAfterShutdown" classname="com.file_exchange.CustomExecutorServiceTest" time="0.006"/>
  <testcase name="testExecuteWithPlatformThreads" classname="com.file_exchange.CustomExecutorServiceTest" time="0.0"/>
</testsuite>